<?xml version="1.0" encoding="UTF-8"?>
<!-- Generated by org.testng.reporters.JUnitXMLReporter -->
<testsuite hostname="Home-pc" ignored="0" name="SignUp" tests="1" failures="1" timestamp="18 Oct 2017 08:24:53 GMT" time="14.887" errors="0">
  <testcase name="signUp_Validation" time="1.42" classname="com.testing.automation.homePage.TC001_SignUp_Validation">
    <failure type="java.lang.NullPointerException">
      <![CDATA[java.lang.NullPointerException
	at org.openqa.selenium.support.pagefactory.DefaultElementLocator.findElement(DefaultElementLocator.java:69)
	at org.openqa.selenium.support.pagefactory.internal.LocatingElementHandler.invoke(LocatingElementHandler.java:38)
	at com.sun.proxy.$Proxy9.clear(Unknown Source)
	at com.testing.automation.objectRepo.SignUpPage.signUp(SignUpPage.java:40)
	at com.testing.automation.homePage.TC001_SignUp_Validation.signUp_Validation(TC001_SignUp_Validation.java:28)
... Removed 25 stack frames]]>
    </failure>
  </testcase> <!-- signUp_Validation -->
</testsuite> <!-- SignUp -->
