<?xml version="1.0" encoding="UTF-8"?>
<!-- Generated by org.testng.reporters.JUnitXMLReporter -->
<testsuite hostname="Home-pc" ignored="0" name="TC001_SignUp_Validation" tests="2" failures="0" timestamp="20 Oct 2017 10:46:35 GMT" time="27.767" errors="0">
  <testcase name="signUp_Validation" time="7.242" classname="com.testing.automation.homePage.TC001_SignUp_Validation"/>
  <testcase name="signUp_Validation" time="4.251" classname="com.testing.automation.homePage.TC001_SignUp_Validation"/>
</testsuite> <!-- TC001_SignUp_Validation -->
