<?xml version="1.0" encoding="UTF-8"?>
<testng-results skipped="0" failed="0" ignored="0" total="2" passed="2">
  <reporter-output>
    <line>
      <![CDATA[Before navigate to : https://jabong.com/']]>
    </line>
    <line>
      <![CDATA[Navigated to : https://jabong.com/']]>
    </line>
    <line>
      <![CDATA[Starting Test]]>
    </line>
    <line>
      <![CDATA[Navigate to signup page]]>
    </line>
    <line>
      <![CDATA[Before Find By  : By.xpath: //*[text()='Signup'] ']]>
    </line>
    <line>
      <![CDATA[After find By  : By.xpath: //*[text()='Signup']']]>
    </line>
    <line>
      <![CDATA[Before Find By  : By.xpath: //*[text()='Signup'] ']]>
    </line>
    <line>
      <![CDATA[After find By  : By.xpath: //*[text()='Signup']']]>
    </line>
    <line>
      <![CDATA[Trying to Click on [[ChromeDriver: chrome on WIN8 (9b73a31e26bdbea5153039c70ddaefea)] -> xpath: //*[text()='Signup']]]]>
    </line>
    <line>
      <![CDATA[Clicked on [[ChromeDriver: chrome on WIN8 (9b73a31e26bdbea5153039c70ddaefea)] -> xpath: //*[text()='Signup']]]]>
    </line>
    <line>
      <![CDATA[Before Find By  : By.xpath: //*[@id='firstname'] ']]>
    </line>
    <line>
      <![CDATA[After find By  : By.xpath: //*[@id='firstname']']]>
    </line>
    <line>
      <![CDATA[Before Find By  : By.xpath: //*[@id='firstname'] ']]>
    </line>
    <line>
      <![CDATA[After find By  : By.xpath: //*[@id='firstname']']]>
    </line>
    <line>
      <![CDATA[FirstName - [[ChromeDriver: chrome on WIN8 (9b73a31e26bdbea5153039c70ddaefea)] -> xpath: //*[@id='firstname']]]]>
    </line>
    <line>
      <![CDATA[Before Find By  : By.xpath: //*[@id='firstname'] ']]>
    </line>
    <line>
      <![CDATA[After find By  : By.xpath: //*[@id='firstname']']]>
    </line>
    <line>
      <![CDATA[Value of  : [[ChromeDriver: chrome on WIN8 (9b73a31e26bdbea5153039c70ddaefea)] -> xpath: //*[@id='firstname']]after change]]>
    </line>
    <line>
      <![CDATA[Value of  : [[ChromeDriver: chrome on WIN8 (9b73a31e26bdbea5153039c70ddaefea)] -> xpath: //*[@id='firstname']]before change]]>
    </line>
    <line>
      <![CDATA[Before Find By  : By.xpath: //*[@id='firstname'] ']]>
    </line>
    <line>
      <![CDATA[After find By  : By.xpath: //*[@id='firstname']']]>
    </line>
    <line>
      <![CDATA[Value of  : [[ChromeDriver: chrome on WIN8 (9b73a31e26bdbea5153039c70ddaefea)] -> xpath: //*[@id='firstname']]after change]]>
    </line>
    <line>
      <![CDATA[Value of  : [[ChromeDriver: chrome on WIN8 (9b73a31e26bdbea5153039c70ddaefea)] -> xpath: //*[@id='firstname']]before change]]>
    </line>
    <line>
      <![CDATA[Before Find By  : By.xpath: //*[@id='lastname'] ']]>
    </line>
    <line>
      <![CDATA[After find By  : By.xpath: //*[@id='lastname']']]>
    </line>
    <line>
      <![CDATA[Before Find By  : By.xpath: //*[@id='lastname'] ']]>
    </line>
    <line>
      <![CDATA[After find By  : By.xpath: //*[@id='lastname']']]>
    </line>
    <line>
      <![CDATA[LastName - [[ChromeDriver: chrome on WIN8 (9b73a31e26bdbea5153039c70ddaefea)] -> xpath: //*[@id='lastname']]]]>
    </line>
    <line>
      <![CDATA[Before Find By  : By.xpath: //*[@id='lastname'] ']]>
    </line>
    <line>
      <![CDATA[After find By  : By.xpath: //*[@id='lastname']']]>
    </line>
    <line>
      <![CDATA[Value of  : [[ChromeDriver: chrome on WIN8 (9b73a31e26bdbea5153039c70ddaefea)] -> xpath: //*[@id='lastname']]after change]]>
    </line>
    <line>
      <![CDATA[Value of  : [[ChromeDriver: chrome on WIN8 (9b73a31e26bdbea5153039c70ddaefea)] -> xpath: //*[@id='lastname']]before change]]>
    </line>
    <line>
      <![CDATA[Before Find By  : By.xpath: //*[@id='lastname'] ']]>
    </line>
    <line>
      <![CDATA[After find By  : By.xpath: //*[@id='lastname']']]>
    </line>
    <line>
      <![CDATA[Value of  : [[ChromeDriver: chrome on WIN8 (9b73a31e26bdbea5153039c70ddaefea)] -> xpath: //*[@id='lastname']]after change]]>
    </line>
    <line>
      <![CDATA[Value of  : [[ChromeDriver: chrome on WIN8 (9b73a31e26bdbea5153039c70ddaefea)] -> xpath: //*[@id='lastname']]before change]]>
    </line>
    <line>
      <![CDATA[Before Find By  : By.xpath: //*[@id='email'] ']]>
    </line>
    <line>
      <![CDATA[After find By  : By.xpath: //*[@id='email']']]>
    </line>
    <line>
      <![CDATA[Before Find By  : By.xpath: //*[@id='email'] ']]>
    </line>
    <line>
      <![CDATA[After find By  : By.xpath: //*[@id='email']']]>
    </line>
    <line>
      <![CDATA[Email - [[ChromeDriver: chrome on WIN8 (9b73a31e26bdbea5153039c70ddaefea)] -> xpath: //*[@id='email']]]]>
    </line>
    <line>
      <![CDATA[Before Find By  : By.xpath: //*[@id='email'] ']]>
    </line>
    <line>
      <![CDATA[After find By  : By.xpath: //*[@id='email']']]>
    </line>
    <line>
      <![CDATA[Value of  : [[ChromeDriver: chrome on WIN8 (9b73a31e26bdbea5153039c70ddaefea)] -> xpath: //*[@id='email']]after change]]>
    </line>
    <line>
      <![CDATA[Value of  : [[ChromeDriver: chrome on WIN8 (9b73a31e26bdbea5153039c70ddaefea)] -> xpath: //*[@id='email']]before change]]>
    </line>
    <line>
      <![CDATA[Before Find By  : By.xpath: //*[@id='email'] ']]>
    </line>
    <line>
      <![CDATA[After find By  : By.xpath: //*[@id='email']']]>
    </line>
    <line>
      <![CDATA[Value of  : [[ChromeDriver: chrome on WIN8 (9b73a31e26bdbea5153039c70ddaefea)] -> xpath: //*[@id='email']]after change]]>
    </line>
    <line>
      <![CDATA[Value of  : [[ChromeDriver: chrome on WIN8 (9b73a31e26bdbea5153039c70ddaefea)] -> xpath: //*[@id='email']]before change]]>
    </line>
    <line>
      <![CDATA[Before Find By  : By.xpath: //*[@id='pwd'] ']]>
    </line>
    <line>
      <![CDATA[After find By  : By.xpath: //*[@id='pwd']']]>
    </line>
    <line>
      <![CDATA[Before Find By  : By.xpath: //*[@id='pwd'] ']]>
    </line>
    <line>
      <![CDATA[After find By  : By.xpath: //*[@id='pwd']']]>
    </line>
    <line>
      <![CDATA[Password - [[ChromeDriver: chrome on WIN8 (9b73a31e26bdbea5153039c70ddaefea)] -> xpath: //*[@id='pwd']]]]>
    </line>
    <line>
      <![CDATA[Before Find By  : By.xpath: //*[@id='pwd'] ']]>
    </line>
    <line>
      <![CDATA[After find By  : By.xpath: //*[@id='pwd']']]>
    </line>
    <line>
      <![CDATA[Value of  : [[ChromeDriver: chrome on WIN8 (9b73a31e26bdbea5153039c70ddaefea)] -> xpath: //*[@id='pwd']]after change]]>
    </line>
    <line>
      <![CDATA[Value of  : [[ChromeDriver: chrome on WIN8 (9b73a31e26bdbea5153039c70ddaefea)] -> xpath: //*[@id='pwd']]before change]]>
    </line>
    <line>
      <![CDATA[Before Find By  : By.xpath: //*[@id='pwd'] ']]>
    </line>
    <line>
      <![CDATA[After find By  : By.xpath: //*[@id='pwd']']]>
    </line>
    <line>
      <![CDATA[Value of  : [[ChromeDriver: chrome on WIN8 (9b73a31e26bdbea5153039c70ddaefea)] -> xpath: //*[@id='pwd']]after change]]>
    </line>
    <line>
      <![CDATA[Value of  : [[ChromeDriver: chrome on WIN8 (9b73a31e26bdbea5153039c70ddaefea)] -> xpath: //*[@id='pwd']]before change]]>
    </line>
    <line>
      <![CDATA[Before Find By  : By.xpath: //*[@id='mobile'] ']]>
    </line>
    <line>
      <![CDATA[After find By  : By.xpath: //*[@id='mobile']']]>
    </line>
    <line>
      <![CDATA[Before Find By  : By.xpath: //*[@id='mobile'] ']]>
    </line>
    <line>
      <![CDATA[After find By  : By.xpath: //*[@id='mobile']']]>
    </line>
    <line>
      <![CDATA[Mobile - [[ChromeDriver: chrome on WIN8 (9b73a31e26bdbea5153039c70ddaefea)] -> xpath: //*[@id='mobile']]]]>
    </line>
    <line>
      <![CDATA[Before Find By  : By.xpath: //*[@id='mobile'] ']]>
    </line>
    <line>
      <![CDATA[After find By  : By.xpath: //*[@id='mobile']']]>
    </line>
    <line>
      <![CDATA[Value of  : [[ChromeDriver: chrome on WIN8 (9b73a31e26bdbea5153039c70ddaefea)] -> xpath: //*[@id='mobile']]after change]]>
    </line>
    <line>
      <![CDATA[Value of  : [[ChromeDriver: chrome on WIN8 (9b73a31e26bdbea5153039c70ddaefea)] -> xpath: //*[@id='mobile']]before change]]>
    </line>
    <line>
      <![CDATA[Before Find By  : By.xpath: //*[@id='mobile'] ']]>
    </line>
    <line>
      <![CDATA[After find By  : By.xpath: //*[@id='mobile']']]>
    </line>
    <line>
      <![CDATA[Value of  : [[ChromeDriver: chrome on WIN8 (9b73a31e26bdbea5153039c70ddaefea)] -> xpath: //*[@id='mobile']]after change]]>
    </line>
    <line>
      <![CDATA[Value of  : [[ChromeDriver: chrome on WIN8 (9b73a31e26bdbea5153039c70ddaefea)] -> xpath: //*[@id='mobile']]before change]]>
    </line>
    <line>
      <![CDATA[Before Find By  : By.xpath: //button[@class='close'] ']]>
    </line>
    <line>
      <![CDATA[After find By  : By.xpath: //button[@class='close']']]>
    </line>
    <line>
      <![CDATA[Trying to Click on [[ChromeDriver: chrome on WIN8 (9b73a31e26bdbea5153039c70ddaefea)] -> xpath: //button[@class='close']]]]>
    </line>
    <line>
      <![CDATA[Clicked on [[ChromeDriver: chrome on WIN8 (9b73a31e26bdbea5153039c70ddaefea)] -> xpath: //button[@class='close']]]]>
    </line>
    <line>
      <![CDATA[<a href='C:\Users\User\workspace\uiAutomation\src\main\java\com\testing\automation\screenShot\signUp_Validation_20_10_2017_04_16_29.png'> <img src= 'C:\Users\User\workspace\uiAutomation\src\main\java\com\testing\automation\screenShot\signUp_Validation_20_10_2017_04_16_29.png' height='100' width='100'/></a>]]>
    </line>
    <line>
      <![CDATA[Finished Test]]>
    </line>
    <line>
      <![CDATA[Starting Test]]>
    </line>
    <line>
      <![CDATA[Navigate to signup page]]>
    </line>
    <line>
      <![CDATA[Before Find By  : By.xpath: //*[text()='Signup'] ']]>
    </line>
    <line>
      <![CDATA[After find By  : By.xpath: //*[text()='Signup']']]>
    </line>
    <line>
      <![CDATA[Before Find By  : By.xpath: //*[text()='Signup'] ']]>
    </line>
    <line>
      <![CDATA[After find By  : By.xpath: //*[text()='Signup']']]>
    </line>
    <line>
      <![CDATA[Trying to Click on [[ChromeDriver: chrome on WIN8 (9b73a31e26bdbea5153039c70ddaefea)] -> xpath: //*[text()='Signup']]]]>
    </line>
    <line>
      <![CDATA[Clicked on [[ChromeDriver: chrome on WIN8 (9b73a31e26bdbea5153039c70ddaefea)] -> xpath: //*[text()='Signup']]]]>
    </line>
    <line>
      <![CDATA[Before Find By  : By.xpath: //*[@id='firstname'] ']]>
    </line>
    <line>
      <![CDATA[After find By  : By.xpath: //*[@id='firstname']']]>
    </line>
    <line>
      <![CDATA[Before Find By  : By.xpath: //*[@id='firstname'] ']]>
    </line>
    <line>
      <![CDATA[After find By  : By.xpath: //*[@id='firstname']']]>
    </line>
    <line>
      <![CDATA[Before Find By  : By.xpath: //*[@id='firstname'] ']]>
    </line>
    <line>
      <![CDATA[After find By  : By.xpath: //*[@id='firstname']']]>
    </line>
    <line>
      <![CDATA[FirstName - [[ChromeDriver: chrome on WIN8 (9b73a31e26bdbea5153039c70ddaefea)] -> xpath: //*[@id='firstname']]]]>
    </line>
    <line>
      <![CDATA[Before Find By  : By.xpath: //*[@id='firstname'] ']]>
    </line>
    <line>
      <![CDATA[After find By  : By.xpath: //*[@id='firstname']']]>
    </line>
    <line>
      <![CDATA[Value of  : [[ChromeDriver: chrome on WIN8 (9b73a31e26bdbea5153039c70ddaefea)] -> xpath: //*[@id='firstname']]after change]]>
    </line>
    <line>
      <![CDATA[Value of  : [[ChromeDriver: chrome on WIN8 (9b73a31e26bdbea5153039c70ddaefea)] -> xpath: //*[@id='firstname']]before change]]>
    </line>
    <line>
      <![CDATA[Before Find By  : By.xpath: //*[@id='firstname'] ']]>
    </line>
    <line>
      <![CDATA[After find By  : By.xpath: //*[@id='firstname']']]>
    </line>
    <line>
      <![CDATA[Value of  : [[ChromeDriver: chrome on WIN8 (9b73a31e26bdbea5153039c70ddaefea)] -> xpath: //*[@id='firstname']]after change]]>
    </line>
    <line>
      <![CDATA[Value of  : [[ChromeDriver: chrome on WIN8 (9b73a31e26bdbea5153039c70ddaefea)] -> xpath: //*[@id='firstname']]before change]]>
    </line>
    <line>
      <![CDATA[Before Find By  : By.xpath: //*[@id='lastname'] ']]>
    </line>
    <line>
      <![CDATA[After find By  : By.xpath: //*[@id='lastname']']]>
    </line>
    <line>
      <![CDATA[Before Find By  : By.xpath: //*[@id='lastname'] ']]>
    </line>
    <line>
      <![CDATA[After find By  : By.xpath: //*[@id='lastname']']]>
    </line>
    <line>
      <![CDATA[LastName - [[ChromeDriver: chrome on WIN8 (9b73a31e26bdbea5153039c70ddaefea)] -> xpath: //*[@id='lastname']]]]>
    </line>
    <line>
      <![CDATA[Before Find By  : By.xpath: //*[@id='lastname'] ']]>
    </line>
    <line>
      <![CDATA[After find By  : By.xpath: //*[@id='lastname']']]>
    </line>
    <line>
      <![CDATA[Value of  : [[ChromeDriver: chrome on WIN8 (9b73a31e26bdbea5153039c70ddaefea)] -> xpath: //*[@id='lastname']]after change]]>
    </line>
    <line>
      <![CDATA[Value of  : [[ChromeDriver: chrome on WIN8 (9b73a31e26bdbea5153039c70ddaefea)] -> xpath: //*[@id='lastname']]before change]]>
    </line>
    <line>
      <![CDATA[Before Find By  : By.xpath: //*[@id='lastname'] ']]>
    </line>
    <line>
      <![CDATA[After find By  : By.xpath: //*[@id='lastname']']]>
    </line>
    <line>
      <![CDATA[Value of  : [[ChromeDriver: chrome on WIN8 (9b73a31e26bdbea5153039c70ddaefea)] -> xpath: //*[@id='lastname']]after change]]>
    </line>
    <line>
      <![CDATA[Value of  : [[ChromeDriver: chrome on WIN8 (9b73a31e26bdbea5153039c70ddaefea)] -> xpath: //*[@id='lastname']]before change]]>
    </line>
    <line>
      <![CDATA[Before Find By  : By.xpath: //*[@id='email'] ']]>
    </line>
    <line>
      <![CDATA[After find By  : By.xpath: //*[@id='email']']]>
    </line>
    <line>
      <![CDATA[Before Find By  : By.xpath: //*[@id='email'] ']]>
    </line>
    <line>
      <![CDATA[After find By  : By.xpath: //*[@id='email']']]>
    </line>
    <line>
      <![CDATA[Email - [[ChromeDriver: chrome on WIN8 (9b73a31e26bdbea5153039c70ddaefea)] -> xpath: //*[@id='email']]]]>
    </line>
    <line>
      <![CDATA[Before Find By  : By.xpath: //*[@id='email'] ']]>
    </line>
    <line>
      <![CDATA[After find By  : By.xpath: //*[@id='email']']]>
    </line>
    <line>
      <![CDATA[Value of  : [[ChromeDriver: chrome on WIN8 (9b73a31e26bdbea5153039c70ddaefea)] -> xpath: //*[@id='email']]after change]]>
    </line>
    <line>
      <![CDATA[Value of  : [[ChromeDriver: chrome on WIN8 (9b73a31e26bdbea5153039c70ddaefea)] -> xpath: //*[@id='email']]before change]]>
    </line>
    <line>
      <![CDATA[Before Find By  : By.xpath: //*[@id='email'] ']]>
    </line>
    <line>
      <![CDATA[After find By  : By.xpath: //*[@id='email']']]>
    </line>
    <line>
      <![CDATA[Value of  : [[ChromeDriver: chrome on WIN8 (9b73a31e26bdbea5153039c70ddaefea)] -> xpath: //*[@id='email']]after change]]>
    </line>
    <line>
      <![CDATA[Value of  : [[ChromeDriver: chrome on WIN8 (9b73a31e26bdbea5153039c70ddaefea)] -> xpath: //*[@id='email']]before change]]>
    </line>
    <line>
      <![CDATA[Before Find By  : By.xpath: //*[@id='pwd'] ']]>
    </line>
    <line>
      <![CDATA[After find By  : By.xpath: //*[@id='pwd']']]>
    </line>
    <line>
      <![CDATA[Before Find By  : By.xpath: //*[@id='pwd'] ']]>
    </line>
    <line>
      <![CDATA[After find By  : By.xpath: //*[@id='pwd']']]>
    </line>
    <line>
      <![CDATA[Password - [[ChromeDriver: chrome on WIN8 (9b73a31e26bdbea5153039c70ddaefea)] -> xpath: //*[@id='pwd']]]]>
    </line>
    <line>
      <![CDATA[Before Find By  : By.xpath: //*[@id='pwd'] ']]>
    </line>
    <line>
      <![CDATA[After find By  : By.xpath: //*[@id='pwd']']]>
    </line>
    <line>
      <![CDATA[Value of  : [[ChromeDriver: chrome on WIN8 (9b73a31e26bdbea5153039c70ddaefea)] -> xpath: //*[@id='pwd']]after change]]>
    </line>
    <line>
      <![CDATA[Value of  : [[ChromeDriver: chrome on WIN8 (9b73a31e26bdbea5153039c70ddaefea)] -> xpath: //*[@id='pwd']]before change]]>
    </line>
    <line>
      <![CDATA[Before Find By  : By.xpath: //*[@id='pwd'] ']]>
    </line>
    <line>
      <![CDATA[After find By  : By.xpath: //*[@id='pwd']']]>
    </line>
    <line>
      <![CDATA[Value of  : [[ChromeDriver: chrome on WIN8 (9b73a31e26bdbea5153039c70ddaefea)] -> xpath: //*[@id='pwd']]after change]]>
    </line>
    <line>
      <![CDATA[Value of  : [[ChromeDriver: chrome on WIN8 (9b73a31e26bdbea5153039c70ddaefea)] -> xpath: //*[@id='pwd']]before change]]>
    </line>
    <line>
      <![CDATA[Before Find By  : By.xpath: //*[@id='mobile'] ']]>
    </line>
    <line>
      <![CDATA[After find By  : By.xpath: //*[@id='mobile']']]>
    </line>
    <line>
      <![CDATA[Before Find By  : By.xpath: //*[@id='mobile'] ']]>
    </line>
    <line>
      <![CDATA[After find By  : By.xpath: //*[@id='mobile']']]>
    </line>
    <line>
      <![CDATA[Mobile - [[ChromeDriver: chrome on WIN8 (9b73a31e26bdbea5153039c70ddaefea)] -> xpath: //*[@id='mobile']]]]>
    </line>
    <line>
      <![CDATA[Before Find By  : By.xpath: //*[@id='mobile'] ']]>
    </line>
    <line>
      <![CDATA[After find By  : By.xpath: //*[@id='mobile']']]>
    </line>
    <line>
      <![CDATA[Value of  : [[ChromeDriver: chrome on WIN8 (9b73a31e26bdbea5153039c70ddaefea)] -> xpath: //*[@id='mobile']]after change]]>
    </line>
    <line>
      <![CDATA[Value of  : [[ChromeDriver: chrome on WIN8 (9b73a31e26bdbea5153039c70ddaefea)] -> xpath: //*[@id='mobile']]before change]]>
    </line>
    <line>
      <![CDATA[Before Find By  : By.xpath: //*[@id='mobile'] ']]>
    </line>
    <line>
      <![CDATA[After find By  : By.xpath: //*[@id='mobile']']]>
    </line>
    <line>
      <![CDATA[Value of  : [[ChromeDriver: chrome on WIN8 (9b73a31e26bdbea5153039c70ddaefea)] -> xpath: //*[@id='mobile']]after change]]>
    </line>
    <line>
      <![CDATA[Value of  : [[ChromeDriver: chrome on WIN8 (9b73a31e26bdbea5153039c70ddaefea)] -> xpath: //*[@id='mobile']]before change]]>
    </line>
    <line>
      <![CDATA[Before Find By  : By.xpath: //button[@class='close'] ']]>
    </line>
    <line>
      <![CDATA[After find By  : By.xpath: //button[@class='close']']]>
    </line>
    <line>
      <![CDATA[Trying to Click on [[ChromeDriver: chrome on WIN8 (9b73a31e26bdbea5153039c70ddaefea)] -> xpath: //button[@class='close']]]]>
    </line>
    <line>
      <![CDATA[Clicked on [[ChromeDriver: chrome on WIN8 (9b73a31e26bdbea5153039c70ddaefea)] -> xpath: //button[@class='close']]]]>
    </line>
    <line>
      <![CDATA[<a href='C:\Users\User\workspace\uiAutomation\src\main\java\com\testing\automation\screenShot\signUp_Validation_20_10_2017_04_16_33.png'> <img src= 'C:\Users\User\workspace\uiAutomation\src\main\java\com\testing\automation\screenShot\signUp_Validation_20_10_2017_04_16_33.png' height='100' width='100'/></a>]]>
    </line>
    <line>
      <![CDATA[Finished Test]]>
    </line>
  </reporter-output>
  <suite name="Regression_Tesing" duration-ms="27767" started-at="2017-10-20T10:46:07Z" finished-at="2017-10-20T10:46:35Z">
    <groups>
    </groups>
    <test name="TC001_SignUp_Validation" duration-ms="27767" started-at="2017-10-20T10:46:07Z" finished-at="2017-10-20T10:46:35Z">
      <class name="com.testing.automation.homePage.TC001_SignUp_Validation">
        <test-method status="PASS" signature="setUp(java.lang.String, java.lang.String)[pri:0, instance:com.testing.automation.homePage.TC001_SignUp_Validation@159c4b8]" name="setUp" is-config="true" duration-ms="13040" started-at="2017-10-20T16:16:07Z" finished-at="2017-10-20T16:16:20Z">
          <params>
            <param index="0">
              <value>
                <![CDATA[Chrome]]>
              </value>
            </param>
            <param index="1">
              <value>
                <![CDATA[https://jabong.com/]]>
              </value>
            </param>
          </params>
          <reporter-output>
            <line>
              <![CDATA[Before navigate to : https://jabong.com/']]>
            </line>
            <line>
              <![CDATA[Navigated to : https://jabong.com/']]>
            </line>
          </reporter-output>
        </test-method> <!-- setUp -->
        <test-method status="PASS" signature="signUp_Validation(java.lang.String, java.lang.String, java.lang.String, java.lang.String, java.lang.String, java.lang.String)[pri:0, instance:com.testing.automation.homePage.TC001_SignUp_Validation@159c4b8]" name="signUp_Validation" duration-ms="7242" started-at="2017-10-20T16:16:22Z" data-provider="signUpData" finished-at="2017-10-20T16:16:30Z">
          <params>
            <param index="0">
              <value>
                <![CDATA[Manish1]]>
              </value>
            </param>
            <param index="1">
              <value>
                <![CDATA[Sharma]]>
              </value>
            </param>
            <param index="2">
              <value>
                <![CDATA[manishSham59@gmail.com]]>
              </value>
            </param>
            <param index="3">
              <value>
                <![CDATA[Wizardry]]>
              </value>
            </param>
            <param index="4">
              <value>
                <![CDATA[8527409595]]>
              </value>
            </param>
            <param index="5">
              <value>
                <![CDATA[y]]>
              </value>
            </param>
          </params>
          <reporter-output>
            <line>
              <![CDATA[Starting Test]]>
            </line>
            <line>
              <![CDATA[Navigate to signup page]]>
            </line>
            <line>
              <![CDATA[Before Find By  : By.xpath: //*[text()='Signup'] ']]>
            </line>
            <line>
              <![CDATA[After find By  : By.xpath: //*[text()='Signup']']]>
            </line>
            <line>
              <![CDATA[Before Find By  : By.xpath: //*[text()='Signup'] ']]>
            </line>
            <line>
              <![CDATA[After find By  : By.xpath: //*[text()='Signup']']]>
            </line>
            <line>
              <![CDATA[Trying to Click on [[ChromeDriver: chrome on WIN8 (9b73a31e26bdbea5153039c70ddaefea)] -> xpath: //*[text()='Signup']]]]>
            </line>
            <line>
              <![CDATA[Clicked on [[ChromeDriver: chrome on WIN8 (9b73a31e26bdbea5153039c70ddaefea)] -> xpath: //*[text()='Signup']]]]>
            </line>
            <line>
              <![CDATA[Before Find By  : By.xpath: //*[@id='firstname'] ']]>
            </line>
            <line>
              <![CDATA[After find By  : By.xpath: //*[@id='firstname']']]>
            </line>
            <line>
              <![CDATA[Before Find By  : By.xpath: //*[@id='firstname'] ']]>
            </line>
            <line>
              <![CDATA[After find By  : By.xpath: //*[@id='firstname']']]>
            </line>
            <line>
              <![CDATA[FirstName - [[ChromeDriver: chrome on WIN8 (9b73a31e26bdbea5153039c70ddaefea)] -> xpath: //*[@id='firstname']]]]>
            </line>
            <line>
              <![CDATA[Before Find By  : By.xpath: //*[@id='firstname'] ']]>
            </line>
            <line>
              <![CDATA[After find By  : By.xpath: //*[@id='firstname']']]>
            </line>
            <line>
              <![CDATA[Value of  : [[ChromeDriver: chrome on WIN8 (9b73a31e26bdbea5153039c70ddaefea)] -> xpath: //*[@id='firstname']]after change]]>
            </line>
            <line>
              <![CDATA[Value of  : [[ChromeDriver: chrome on WIN8 (9b73a31e26bdbea5153039c70ddaefea)] -> xpath: //*[@id='firstname']]before change]]>
            </line>
            <line>
              <![CDATA[Before Find By  : By.xpath: //*[@id='firstname'] ']]>
            </line>
            <line>
              <![CDATA[After find By  : By.xpath: //*[@id='firstname']']]>
            </line>
            <line>
              <![CDATA[Value of  : [[ChromeDriver: chrome on WIN8 (9b73a31e26bdbea5153039c70ddaefea)] -> xpath: //*[@id='firstname']]after change]]>
            </line>
            <line>
              <![CDATA[Value of  : [[ChromeDriver: chrome on WIN8 (9b73a31e26bdbea5153039c70ddaefea)] -> xpath: //*[@id='firstname']]before change]]>
            </line>
            <line>
              <![CDATA[Before Find By  : By.xpath: //*[@id='lastname'] ']]>
            </line>
            <line>
              <![CDATA[After find By  : By.xpath: //*[@id='lastname']']]>
            </line>
            <line>
              <![CDATA[Before Find By  : By.xpath: //*[@id='lastname'] ']]>
            </line>
            <line>
              <![CDATA[After find By  : By.xpath: //*[@id='lastname']']]>
            </line>
            <line>
              <![CDATA[LastName - [[ChromeDriver: chrome on WIN8 (9b73a31e26bdbea5153039c70ddaefea)] -> xpath: //*[@id='lastname']]]]>
            </line>
            <line>
              <![CDATA[Before Find By  : By.xpath: //*[@id='lastname'] ']]>
            </line>
            <line>
              <![CDATA[After find By  : By.xpath: //*[@id='lastname']']]>
            </line>
            <line>
              <![CDATA[Value of  : [[ChromeDriver: chrome on WIN8 (9b73a31e26bdbea5153039c70ddaefea)] -> xpath: //*[@id='lastname']]after change]]>
            </line>
            <line>
              <![CDATA[Value of  : [[ChromeDriver: chrome on WIN8 (9b73a31e26bdbea5153039c70ddaefea)] -> xpath: //*[@id='lastname']]before change]]>
            </line>
            <line>
              <![CDATA[Before Find By  : By.xpath: //*[@id='lastname'] ']]>
            </line>
            <line>
              <![CDATA[After find By  : By.xpath: //*[@id='lastname']']]>
            </line>
            <line>
              <![CDATA[Value of  : [[ChromeDriver: chrome on WIN8 (9b73a31e26bdbea5153039c70ddaefea)] -> xpath: //*[@id='lastname']]after change]]>
            </line>
            <line>
              <![CDATA[Value of  : [[ChromeDriver: chrome on WIN8 (9b73a31e26bdbea5153039c70ddaefea)] -> xpath: //*[@id='lastname']]before change]]>
            </line>
            <line>
              <![CDATA[Before Find By  : By.xpath: //*[@id='email'] ']]>
            </line>
            <line>
              <![CDATA[After find By  : By.xpath: //*[@id='email']']]>
            </line>
            <line>
              <![CDATA[Before Find By  : By.xpath: //*[@id='email'] ']]>
            </line>
            <line>
              <![CDATA[After find By  : By.xpath: //*[@id='email']']]>
            </line>
            <line>
              <![CDATA[Email - [[ChromeDriver: chrome on WIN8 (9b73a31e26bdbea5153039c70ddaefea)] -> xpath: //*[@id='email']]]]>
            </line>
            <line>
              <![CDATA[Before Find By  : By.xpath: //*[@id='email'] ']]>
            </line>
            <line>
              <![CDATA[After find By  : By.xpath: //*[@id='email']']]>
            </line>
            <line>
              <![CDATA[Value of  : [[ChromeDriver: chrome on WIN8 (9b73a31e26bdbea5153039c70ddaefea)] -> xpath: //*[@id='email']]after change]]>
            </line>
            <line>
              <![CDATA[Value of  : [[ChromeDriver: chrome on WIN8 (9b73a31e26bdbea5153039c70ddaefea)] -> xpath: //*[@id='email']]before change]]>
            </line>
            <line>
              <![CDATA[Before Find By  : By.xpath: //*[@id='email'] ']]>
            </line>
            <line>
              <![CDATA[After find By  : By.xpath: //*[@id='email']']]>
            </line>
            <line>
              <![CDATA[Value of  : [[ChromeDriver: chrome on WIN8 (9b73a31e26bdbea5153039c70ddaefea)] -> xpath: //*[@id='email']]after change]]>
            </line>
            <line>
              <![CDATA[Value of  : [[ChromeDriver: chrome on WIN8 (9b73a31e26bdbea5153039c70ddaefea)] -> xpath: //*[@id='email']]before change]]>
            </line>
            <line>
              <![CDATA[Before Find By  : By.xpath: //*[@id='pwd'] ']]>
            </line>
            <line>
              <![CDATA[After find By  : By.xpath: //*[@id='pwd']']]>
            </line>
            <line>
              <![CDATA[Before Find By  : By.xpath: //*[@id='pwd'] ']]>
            </line>
            <line>
              <![CDATA[After find By  : By.xpath: //*[@id='pwd']']]>
            </line>
            <line>
              <![CDATA[Password - [[ChromeDriver: chrome on WIN8 (9b73a31e26bdbea5153039c70ddaefea)] -> xpath: //*[@id='pwd']]]]>
            </line>
            <line>
              <![CDATA[Before Find By  : By.xpath: //*[@id='pwd'] ']]>
            </line>
            <line>
              <![CDATA[After find By  : By.xpath: //*[@id='pwd']']]>
            </line>
            <line>
              <![CDATA[Value of  : [[ChromeDriver: chrome on WIN8 (9b73a31e26bdbea5153039c70ddaefea)] -> xpath: //*[@id='pwd']]after change]]>
            </line>
            <line>
              <![CDATA[Value of  : [[ChromeDriver: chrome on WIN8 (9b73a31e26bdbea5153039c70ddaefea)] -> xpath: //*[@id='pwd']]before change]]>
            </line>
            <line>
              <![CDATA[Before Find By  : By.xpath: //*[@id='pwd'] ']]>
            </line>
            <line>
              <![CDATA[After find By  : By.xpath: //*[@id='pwd']']]>
            </line>
            <line>
              <![CDATA[Value of  : [[ChromeDriver: chrome on WIN8 (9b73a31e26bdbea5153039c70ddaefea)] -> xpath: //*[@id='pwd']]after change]]>
            </line>
            <line>
              <![CDATA[Value of  : [[ChromeDriver: chrome on WIN8 (9b73a31e26bdbea5153039c70ddaefea)] -> xpath: //*[@id='pwd']]before change]]>
            </line>
            <line>
              <![CDATA[Before Find By  : By.xpath: //*[@id='mobile'] ']]>
            </line>
            <line>
              <![CDATA[After find By  : By.xpath: //*[@id='mobile']']]>
            </line>
            <line>
              <![CDATA[Before Find By  : By.xpath: //*[@id='mobile'] ']]>
            </line>
            <line>
              <![CDATA[After find By  : By.xpath: //*[@id='mobile']']]>
            </line>
            <line>
              <![CDATA[Mobile - [[ChromeDriver: chrome on WIN8 (9b73a31e26bdbea5153039c70ddaefea)] -> xpath: //*[@id='mobile']]]]>
            </line>
            <line>
              <![CDATA[Before Find By  : By.xpath: //*[@id='mobile'] ']]>
            </line>
            <line>
              <![CDATA[After find By  : By.xpath: //*[@id='mobile']']]>
            </line>
            <line>
              <![CDATA[Value of  : [[ChromeDriver: chrome on WIN8 (9b73a31e26bdbea5153039c70ddaefea)] -> xpath: //*[@id='mobile']]after change]]>
            </line>
            <line>
              <![CDATA[Value of  : [[ChromeDriver: chrome on WIN8 (9b73a31e26bdbea5153039c70ddaefea)] -> xpath: //*[@id='mobile']]before change]]>
            </line>
            <line>
              <![CDATA[Before Find By  : By.xpath: //*[@id='mobile'] ']]>
            </line>
            <line>
              <![CDATA[After find By  : By.xpath: //*[@id='mobile']']]>
            </line>
            <line>
              <![CDATA[Value of  : [[ChromeDriver: chrome on WIN8 (9b73a31e26bdbea5153039c70ddaefea)] -> xpath: //*[@id='mobile']]after change]]>
            </line>
            <line>
              <![CDATA[Value of  : [[ChromeDriver: chrome on WIN8 (9b73a31e26bdbea5153039c70ddaefea)] -> xpath: //*[@id='mobile']]before change]]>
            </line>
            <line>
              <![CDATA[Before Find By  : By.xpath: //button[@class='close'] ']]>
            </line>
            <line>
              <![CDATA[After find By  : By.xpath: //button[@class='close']']]>
            </line>
            <line>
              <![CDATA[Trying to Click on [[ChromeDriver: chrome on WIN8 (9b73a31e26bdbea5153039c70ddaefea)] -> xpath: //button[@class='close']]]]>
            </line>
            <line>
              <![CDATA[Clicked on [[ChromeDriver: chrome on WIN8 (9b73a31e26bdbea5153039c70ddaefea)] -> xpath: //button[@class='close']]]]>
            </line>
            <line>
              <![CDATA[<a href='C:\Users\User\workspace\uiAutomation\src\main\java\com\testing\automation\screenShot\signUp_Validation_20_10_2017_04_16_29.png'> <img src= 'C:\Users\User\workspace\uiAutomation\src\main\java\com\testing\automation\screenShot\signUp_Validation_20_10_2017_04_16_29.png' height='100' width='100'/></a>]]>
            </line>
            <line>
              <![CDATA[Finished Test]]>
            </line>
          </reporter-output>
        </test-method> <!-- signUp_Validation -->
        <test-method status="PASS" signature="signUp_Validation(java.lang.String, java.lang.String, java.lang.String, java.lang.String, java.lang.String, java.lang.String)[pri:0, instance:com.testing.automation.homePage.TC001_SignUp_Validation@159c4b8]" name="signUp_Validation" duration-ms="4251" started-at="2017-10-20T16:16:30Z" data-provider="signUpData" finished-at="2017-10-20T16:16:34Z">
          <params>
            <param index="0">
              <value>
                <![CDATA[Manish2]]>
              </value>
            </param>
            <param index="1">
              <value>
                <![CDATA[Sharma]]>
              </value>
            </param>
            <param index="2">
              <value>
                <![CDATA[manishSham59@gmail.com]]>
              </value>
            </param>
            <param index="3">
              <value>
                <![CDATA[Wizardry]]>
              </value>
            </param>
            <param index="4">
              <value>
                <![CDATA[8527409595]]>
              </value>
            </param>
            <param index="5">
              <value>
                <![CDATA[y]]>
              </value>
            </param>
          </params>
          <reporter-output>
            <line>
              <![CDATA[Starting Test]]>
            </line>
            <line>
              <![CDATA[Navigate to signup page]]>
            </line>
            <line>
              <![CDATA[Before Find By  : By.xpath: //*[text()='Signup'] ']]>
            </line>
            <line>
              <![CDATA[After find By  : By.xpath: //*[text()='Signup']']]>
            </line>
            <line>
              <![CDATA[Before Find By  : By.xpath: //*[text()='Signup'] ']]>
            </line>
            <line>
              <![CDATA[After find By  : By.xpath: //*[text()='Signup']']]>
            </line>
            <line>
              <![CDATA[Trying to Click on [[ChromeDriver: chrome on WIN8 (9b73a31e26bdbea5153039c70ddaefea)] -> xpath: //*[text()='Signup']]]]>
            </line>
            <line>
              <![CDATA[Clicked on [[ChromeDriver: chrome on WIN8 (9b73a31e26bdbea5153039c70ddaefea)] -> xpath: //*[text()='Signup']]]]>
            </line>
            <line>
              <![CDATA[Before Find By  : By.xpath: //*[@id='firstname'] ']]>
            </line>
            <line>
              <![CDATA[After find By  : By.xpath: //*[@id='firstname']']]>
            </line>
            <line>
              <![CDATA[Before Find By  : By.xpath: //*[@id='firstname'] ']]>
            </line>
            <line>
              <![CDATA[After find By  : By.xpath: //*[@id='firstname']']]>
            </line>
            <line>
              <![CDATA[Before Find By  : By.xpath: //*[@id='firstname'] ']]>
            </line>
            <line>
              <![CDATA[After find By  : By.xpath: //*[@id='firstname']']]>
            </line>
            <line>
              <![CDATA[FirstName - [[ChromeDriver: chrome on WIN8 (9b73a31e26bdbea5153039c70ddaefea)] -> xpath: //*[@id='firstname']]]]>
            </line>
            <line>
              <![CDATA[Before Find By  : By.xpath: //*[@id='firstname'] ']]>
            </line>
            <line>
              <![CDATA[After find By  : By.xpath: //*[@id='firstname']']]>
            </line>
            <line>
              <![CDATA[Value of  : [[ChromeDriver: chrome on WIN8 (9b73a31e26bdbea5153039c70ddaefea)] -> xpath: //*[@id='firstname']]after change]]>
            </line>
            <line>
              <![CDATA[Value of  : [[ChromeDriver: chrome on WIN8 (9b73a31e26bdbea5153039c70ddaefea)] -> xpath: //*[@id='firstname']]before change]]>
            </line>
            <line>
              <![CDATA[Before Find By  : By.xpath: //*[@id='firstname'] ']]>
            </line>
            <line>
              <![CDATA[After find By  : By.xpath: //*[@id='firstname']']]>
            </line>
            <line>
              <![CDATA[Value of  : [[ChromeDriver: chrome on WIN8 (9b73a31e26bdbea5153039c70ddaefea)] -> xpath: //*[@id='firstname']]after change]]>
            </line>
            <line>
              <![CDATA[Value of  : [[ChromeDriver: chrome on WIN8 (9b73a31e26bdbea5153039c70ddaefea)] -> xpath: //*[@id='firstname']]before change]]>
            </line>
            <line>
              <![CDATA[Before Find By  : By.xpath: //*[@id='lastname'] ']]>
            </line>
            <line>
              <![CDATA[After find By  : By.xpath: //*[@id='lastname']']]>
            </line>
            <line>
              <![CDATA[Before Find By  : By.xpath: //*[@id='lastname'] ']]>
            </line>
            <line>
              <![CDATA[After find By  : By.xpath: //*[@id='lastname']']]>
            </line>
            <line>
              <![CDATA[LastName - [[ChromeDriver: chrome on WIN8 (9b73a31e26bdbea5153039c70ddaefea)] -> xpath: //*[@id='lastname']]]]>
            </line>
            <line>
              <![CDATA[Before Find By  : By.xpath: //*[@id='lastname'] ']]>
            </line>
            <line>
              <![CDATA[After find By  : By.xpath: //*[@id='lastname']']]>
            </line>
            <line>
              <![CDATA[Value of  : [[ChromeDriver: chrome on WIN8 (9b73a31e26bdbea5153039c70ddaefea)] -> xpath: //*[@id='lastname']]after change]]>
            </line>
            <line>
              <![CDATA[Value of  : [[ChromeDriver: chrome on WIN8 (9b73a31e26bdbea5153039c70ddaefea)] -> xpath: //*[@id='lastname']]before change]]>
            </line>
            <line>
              <![CDATA[Before Find By  : By.xpath: //*[@id='lastname'] ']]>
            </line>
            <line>
              <![CDATA[After find By  : By.xpath: //*[@id='lastname']']]>
            </line>
            <line>
              <![CDATA[Value of  : [[ChromeDriver: chrome on WIN8 (9b73a31e26bdbea5153039c70ddaefea)] -> xpath: //*[@id='lastname']]after change]]>
            </line>
            <line>
              <![CDATA[Value of  : [[ChromeDriver: chrome on WIN8 (9b73a31e26bdbea5153039c70ddaefea)] -> xpath: //*[@id='lastname']]before change]]>
            </line>
            <line>
              <![CDATA[Before Find By  : By.xpath: //*[@id='email'] ']]>
            </line>
            <line>
              <![CDATA[After find By  : By.xpath: //*[@id='email']']]>
            </line>
            <line>
              <![CDATA[Before Find By  : By.xpath: //*[@id='email'] ']]>
            </line>
            <line>
              <![CDATA[After find By  : By.xpath: //*[@id='email']']]>
            </line>
            <line>
              <![CDATA[Email - [[ChromeDriver: chrome on WIN8 (9b73a31e26bdbea5153039c70ddaefea)] -> xpath: //*[@id='email']]]]>
            </line>
            <line>
              <![CDATA[Before Find By  : By.xpath: //*[@id='email'] ']]>
            </line>
            <line>
              <![CDATA[After find By  : By.xpath: //*[@id='email']']]>
            </line>
            <line>
              <![CDATA[Value of  : [[ChromeDriver: chrome on WIN8 (9b73a31e26bdbea5153039c70ddaefea)] -> xpath: //*[@id='email']]after change]]>
            </line>
            <line>
              <![CDATA[Value of  : [[ChromeDriver: chrome on WIN8 (9b73a31e26bdbea5153039c70ddaefea)] -> xpath: //*[@id='email']]before change]]>
            </line>
            <line>
              <![CDATA[Before Find By  : By.xpath: //*[@id='email'] ']]>
            </line>
            <line>
              <![CDATA[After find By  : By.xpath: //*[@id='email']']]>
            </line>
            <line>
              <![CDATA[Value of  : [[ChromeDriver: chrome on WIN8 (9b73a31e26bdbea5153039c70ddaefea)] -> xpath: //*[@id='email']]after change]]>
            </line>
            <line>
              <![CDATA[Value of  : [[ChromeDriver: chrome on WIN8 (9b73a31e26bdbea5153039c70ddaefea)] -> xpath: //*[@id='email']]before change]]>
            </line>
            <line>
              <![CDATA[Before Find By  : By.xpath: //*[@id='pwd'] ']]>
            </line>
            <line>
              <![CDATA[After find By  : By.xpath: //*[@id='pwd']']]>
            </line>
            <line>
              <![CDATA[Before Find By  : By.xpath: //*[@id='pwd'] ']]>
            </line>
            <line>
              <![CDATA[After find By  : By.xpath: //*[@id='pwd']']]>
            </line>
            <line>
              <![CDATA[Password - [[ChromeDriver: chrome on WIN8 (9b73a31e26bdbea5153039c70ddaefea)] -> xpath: //*[@id='pwd']]]]>
            </line>
            <line>
              <![CDATA[Before Find By  : By.xpath: //*[@id='pwd'] ']]>
            </line>
            <line>
              <![CDATA[After find By  : By.xpath: //*[@id='pwd']']]>
            </line>
            <line>
              <![CDATA[Value of  : [[ChromeDriver: chrome on WIN8 (9b73a31e26bdbea5153039c70ddaefea)] -> xpath: //*[@id='pwd']]after change]]>
            </line>
            <line>
              <![CDATA[Value of  : [[ChromeDriver: chrome on WIN8 (9b73a31e26bdbea5153039c70ddaefea)] -> xpath: //*[@id='pwd']]before change]]>
            </line>
            <line>
              <![CDATA[Before Find By  : By.xpath: //*[@id='pwd'] ']]>
            </line>
            <line>
              <![CDATA[After find By  : By.xpath: //*[@id='pwd']']]>
            </line>
            <line>
              <![CDATA[Value of  : [[ChromeDriver: chrome on WIN8 (9b73a31e26bdbea5153039c70ddaefea)] -> xpath: //*[@id='pwd']]after change]]>
            </line>
            <line>
              <![CDATA[Value of  : [[ChromeDriver: chrome on WIN8 (9b73a31e26bdbea5153039c70ddaefea)] -> xpath: //*[@id='pwd']]before change]]>
            </line>
            <line>
              <![CDATA[Before Find By  : By.xpath: //*[@id='mobile'] ']]>
            </line>
            <line>
              <![CDATA[After find By  : By.xpath: //*[@id='mobile']']]>
            </line>
            <line>
              <![CDATA[Before Find By  : By.xpath: //*[@id='mobile'] ']]>
            </line>
            <line>
              <![CDATA[After find By  : By.xpath: //*[@id='mobile']']]>
            </line>
            <line>
              <![CDATA[Mobile - [[ChromeDriver: chrome on WIN8 (9b73a31e26bdbea5153039c70ddaefea)] -> xpath: //*[@id='mobile']]]]>
            </line>
            <line>
              <![CDATA[Before Find By  : By.xpath: //*[@id='mobile'] ']]>
            </line>
            <line>
              <![CDATA[After find By  : By.xpath: //*[@id='mobile']']]>
            </line>
            <line>
              <![CDATA[Value of  : [[ChromeDriver: chrome on WIN8 (9b73a31e26bdbea5153039c70ddaefea)] -> xpath: //*[@id='mobile']]after change]]>
            </line>
            <line>
              <![CDATA[Value of  : [[ChromeDriver: chrome on WIN8 (9b73a31e26bdbea5153039c70ddaefea)] -> xpath: //*[@id='mobile']]before change]]>
            </line>
            <line>
              <![CDATA[Before Find By  : By.xpath: //*[@id='mobile'] ']]>
            </line>
            <line>
              <![CDATA[After find By  : By.xpath: //*[@id='mobile']']]>
            </line>
            <line>
              <![CDATA[Value of  : [[ChromeDriver: chrome on WIN8 (9b73a31e26bdbea5153039c70ddaefea)] -> xpath: //*[@id='mobile']]after change]]>
            </line>
            <line>
              <![CDATA[Value of  : [[ChromeDriver: chrome on WIN8 (9b73a31e26bdbea5153039c70ddaefea)] -> xpath: //*[@id='mobile']]before change]]>
            </line>
            <line>
              <![CDATA[Before Find By  : By.xpath: //button[@class='close'] ']]>
            </line>
            <line>
              <![CDATA[After find By  : By.xpath: //button[@class='close']']]>
            </line>
            <line>
              <![CDATA[Trying to Click on [[ChromeDriver: chrome on WIN8 (9b73a31e26bdbea5153039c70ddaefea)] -> xpath: //button[@class='close']]]]>
            </line>
            <line>
              <![CDATA[Clicked on [[ChromeDriver: chrome on WIN8 (9b73a31e26bdbea5153039c70ddaefea)] -> xpath: //button[@class='close']]]]>
            </line>
            <line>
              <![CDATA[<a href='C:\Users\User\workspace\uiAutomation\src\main\java\com\testing\automation\screenShot\signUp_Validation_20_10_2017_04_16_33.png'> <img src= 'C:\Users\User\workspace\uiAutomation\src\main\java\com\testing\automation\screenShot\signUp_Validation_20_10_2017_04_16_33.png' height='100' width='100'/></a>]]>
            </line>
            <line>
              <![CDATA[Finished Test]]>
            </line>
          </reporter-output>
        </test-method> <!-- signUp_Validation -->
        <test-method status="PASS" signature="tearDown()[pri:0, instance:com.testing.automation.homePage.TC001_SignUp_Validation@159c4b8]" name="tearDown" is-config="true" duration-ms="645" started-at="2017-10-20T16:16:34Z" finished-at="2017-10-20T16:16:35Z">
          <reporter-output>
          </reporter-output>
        </test-method> <!-- tearDown -->
      </class> <!-- com.testing.automation.homePage.TC001_SignUp_Validation -->
    </test> <!-- TC001_SignUp_Validation -->
  </suite> <!-- Regression_Tesing -->
</testng-results>
